0 info it worked if it ends with ok
1 verbose cli [ 'C:\\Program Files\\nodejs\\node.exe',
1 verbose cli   'C:\\Program Files\\nodejs\\node_modules\\npm\\bin\\npm-cli.js',
1 verbose cli   'start' ]
2 info using npm@3.10.10
3 info using node@v6.13.1
4 verbose run-script [ 'prestart', 'start', 'poststart' ]
5 info lifecycle 181117-portfolio@1.0.0~prestart: 181117-portfolio@1.0.0
6 silly lifecycle 181117-portfolio@1.0.0~prestart: no script for prestart, continuing
7 info lifecycle 181117-portfolio@1.0.0~start: 181117-portfolio@1.0.0
8 verbose lifecycle 181117-portfolio@1.0.0~start: unsafe-perm in lifecycle true
9 verbose lifecycle 181117-portfolio@1.0.0~start: PATH: C:\Users\gbrun\AppData\Roaming\nvm\v6.13.1\node_modules\npm\bin\node-gyp-bin;C:\dev-perso\181117-portfolio\node_modules\.bin;C:\Program Files\Git\mingw64\bin;C:\Program Files\Git\usr\bin;C:\Users\gbrun\bin;C:\Program Files (x86)\Common Files\Oracle\Java\javapath;C:\ProgramData\Oracle\Java\javapath;C:\Program Files (x86)\Intel\iCLS Client;C:\Program Files\Intel\iCLS Client;C:\Windows\system32;C:\Windows;C:\Windows\System32\Wbem;C:\Windows\System32\WindowsPowerShell\v1.0;C:\Program Files (x86)\Sennheiser\SoftphoneSDK;C:\Program Files (x86)\Intel\Intel(R) Management Engine Components\DAL;C:\Program Files\Intel\Intel(R) Management Engine Components\DAL;C:\Program Files (x86)\Intel\Intel(R) Management Engine Components\IPT;C:\Program Files\Intel\Intel(R) Management Engine Components\IPT;C:\Program Files\Git\cmd;C:\Users\gbrun\AppData\Roaming\nvm;C:\Program Files\nodejs;C:\Program Files\Microsoft VS Code\bin;C:\Program Files\Intel\WiFi\bin;C:\Program Files\Common Files\Intel\WirelessCommon;C:\Users\gbrun\AppData\Local\Microsoft\WindowsApps;C:\Program Files\Microsoft VS Code\bin;C:\Users\gbrun\AppData\Roaming\nvm;C:\Program Files\nodejs
10 verbose lifecycle 181117-portfolio@1.0.0~start: CWD: C:\dev-perso\181117-portfolio
11 silly lifecycle 181117-portfolio@1.0.0~start: Args: [ '/d /s /c', 'node src/index.js' ]
12 silly lifecycle 181117-portfolio@1.0.0~start: Returned: code: 1  signal: null
13 info lifecycle 181117-portfolio@1.0.0~start: Failed to exec start script
14 verbose stack Error: 181117-portfolio@1.0.0 start: `node src/index.js`
14 verbose stack Exit status 1
14 verbose stack     at EventEmitter.<anonymous> (C:\Users\gbrun\AppData\Roaming\nvm\v6.13.1\node_modules\npm\lib\utils\lifecycle.js:255:16)
14 verbose stack     at emitTwo (events.js:106:13)
14 verbose stack     at EventEmitter.emit (events.js:191:7)
14 verbose stack     at ChildProcess.<anonymous> (C:\Users\gbrun\AppData\Roaming\nvm\v6.13.1\node_modules\npm\lib\utils\spawn.js:40:14)
14 verbose stack     at emitTwo (events.js:106:13)
14 verbose stack     at ChildProcess.emit (events.js:191:7)
14 verbose stack     at maybeClose (internal/child_process.js:920:16)
14 verbose stack     at Process.ChildProcess._handle.onexit (internal/child_process.js:230:5)
15 verbose pkgid 181117-portfolio@1.0.0
16 verbose cwd C:\dev-perso\181117-portfolio
17 error Windows_NT 10.0.15063
18 error argv "C:\\Program Files\\nodejs\\node.exe" "C:\\Program Files\\nodejs\\node_modules\\npm\\bin\\npm-cli.js" "start"
19 error node v6.13.1
20 error npm  v3.10.10
21 error code ELIFECYCLE
22 error 181117-portfolio@1.0.0 start: `node src/index.js`
22 error Exit status 1
23 error Failed at the 181117-portfolio@1.0.0 start script 'node src/index.js'.
23 error Make sure you have the latest version of node.js and npm installed.
23 error If you do, this is most likely a problem with the 181117-portfolio package,
23 error not with npm itself.
23 error Tell the author that this fails on your system:
23 error     node src/index.js
23 error You can get information on how to open an issue for this project with:
23 error     npm bugs 181117-portfolio
23 error Or if that isn't available, you can get their info via:
23 error     npm owner ls 181117-portfolio
23 error There is likely additional logging output above.
24 verbose exit [ 1, true ]
